0 info it worked if it ends with ok
1 verbose cli [ 'X:\\Program Files\\nodejs\\node.exe',
1 verbose cli   'X:\\Program Files\\nodejs\\node_modules\\npm\\bin\\npm-cli.js',
1 verbose cli   'install',
1 verbose cli   'gulp',
1 verbose cli   '--ver=0.14.0' ]
2 info using npm@3.10.10
3 info using node@v6.11.4
4 silly loadCurrentTree Starting
5 silly install loadCurrentTree
6 silly install readLocalPackageData
7 silly fetchPackageMetaData gulp
8 silly fetchPackageMetaData 0.14.0
9 silly fetchNamedPackageData gulp
10 silly mapToRegistry name gulp
11 silly mapToRegistry using default registry
12 silly mapToRegistry registry https://registry.npmjs.org/
13 silly mapToRegistry data Result {
13 silly mapToRegistry   raw: 'gulp',
13 silly mapToRegistry   scope: null,
13 silly mapToRegistry   escapedName: 'gulp',
13 silly mapToRegistry   name: 'gulp',
13 silly mapToRegistry   rawSpec: '',
13 silly mapToRegistry   spec: 'latest',
13 silly mapToRegistry   type: 'tag' }
14 silly mapToRegistry uri https://registry.npmjs.org/gulp
15 silly fetchNamedPackageData 0.14.0
16 silly mapToRegistry name 0.14.0
17 silly mapToRegistry using default registry
18 silly mapToRegistry registry https://registry.npmjs.org/
19 silly mapToRegistry data Result {
19 silly mapToRegistry   raw: '0.14.0',
19 silly mapToRegistry   scope: null,
19 silly mapToRegistry   escapedName: '0.14.0',
19 silly mapToRegistry   name: '0.14.0',
19 silly mapToRegistry   rawSpec: '',
19 silly mapToRegistry   spec: 'latest',
19 silly mapToRegistry   type: 'tag' }
20 silly mapToRegistry uri https://registry.npmjs.org/0.14.0
21 verbose request uri https://registry.npmjs.org/gulp
22 verbose request no auth needed
23 info attempt registry request try #1 at 18:47:59
24 verbose request id 38e0e78a40442ca8
25 http request GET https://registry.npmjs.org/gulp
26 verbose request uri https://registry.npmjs.org/0.14.0
27 verbose request no auth needed
28 info attempt registry request try #1 at 18:47:59
29 http request GET https://registry.npmjs.org/0.14.0
30 http 200 https://registry.npmjs.org/gulp
31 verbose headers { server: 'nginx/1.10.1',
31 verbose headers   'content-type': 'application/json',
31 verbose headers   'last-modified': 'Sun, 26 Nov 2017 15:26:36 GMT',
31 verbose headers   etag: 'W/"5a1add2c-1d8d9"',
31 verbose headers   'content-encoding': 'gzip',
31 verbose headers   'cache-control': 'max-age=300',
31 verbose headers   'content-length': '18238',
31 verbose headers   'accept-ranges': 'bytes',
31 verbose headers   date: 'Wed, 29 Nov 2017 21:41:03 GMT',
31 verbose headers   via: '1.1 varnish',
31 verbose headers   age: '0',
31 verbose headers   connection: 'keep-alive',
31 verbose headers   'x-served-by': 'cache-gru17125-GRU',
31 verbose headers   'x-cache': 'HIT',
31 verbose headers   'x-cache-hits': '1',
31 verbose headers   'x-timer': 'S1511991662.027280,VS0,VE1456',
31 verbose headers   vary: 'Accept-Encoding, Accept' }
32 silly get cb [ 200,
32 silly get   { server: 'nginx/1.10.1',
32 silly get     'content-type': 'application/json',
32 silly get     'last-modified': 'Sun, 26 Nov 2017 15:26:36 GMT',
32 silly get     etag: 'W/"5a1add2c-1d8d9"',
32 silly get     'content-encoding': 'gzip',
32 silly get     'cache-control': 'max-age=300',
32 silly get     'content-length': '18238',
32 silly get     'accept-ranges': 'bytes',
32 silly get     date: 'Wed, 29 Nov 2017 21:41:03 GMT',
32 silly get     via: '1.1 varnish',
32 silly get     age: '0',
32 silly get     connection: 'keep-alive',
32 silly get     'x-served-by': 'cache-gru17125-GRU',
32 silly get     'x-cache': 'HIT',
32 silly get     'x-cache-hits': '1',
32 silly get     'x-timer': 'S1511991662.027280,VS0,VE1456',
32 silly get     vary: 'Accept-Encoding, Accept' } ]
33 verbose get saving gulp to C:\Users\gg\AppData\Roaming\npm-cache\registry.npmjs.org\gulp\.cache.json
34 verbose correctMkdir C:\Users\gg\AppData\Roaming\npm-cache correctMkdir not in flight; initializing
35 http 404 https://registry.npmjs.org/0.14.0
36 verbose headers { 'content-type': 'application/json',
36 verbose headers   'cache-control': 'max-age=0',
36 verbose headers   'content-length': '2',
36 verbose headers   'accept-ranges': 'bytes',
36 verbose headers   date: 'Wed, 29 Nov 2017 21:41:04 GMT',
36 verbose headers   via: '1.1 varnish',
36 verbose headers   age: '0',
36 verbose headers   connection: 'keep-alive',
36 verbose headers   'x-served-by': 'cache-gru17135-GRU',
36 verbose headers   'x-cache': 'MISS',
36 verbose headers   'x-cache-hits': '0',
36 verbose headers   'x-timer': 'S1511991664.739651,VS0,VE729',
36 verbose headers   vary: 'Accept-Encoding' }
37 silly get cb [ 404,
37 silly get   { 'content-type': 'application/json',
37 silly get     'cache-control': 'max-age=0',
37 silly get     'content-length': '2',
37 silly get     'accept-ranges': 'bytes',
37 silly get     date: 'Wed, 29 Nov 2017 21:41:04 GMT',
37 silly get     via: '1.1 varnish',
37 silly get     age: '0',
37 silly get     connection: 'keep-alive',
37 silly get     'x-served-by': 'cache-gru17135-GRU',
37 silly get     'x-cache': 'MISS',
37 silly get     'x-cache-hits': '0',
37 silly get     'x-timer': 'S1511991664.739651,VS0,VE729',
37 silly get     vary: 'Accept-Encoding' } ]
38 silly fetchPackageMetaData Error: Registry returned 404 for GET on https://registry.npmjs.org/0.14.0
38 silly fetchPackageMetaData     at makeError (X:\Program Files\nodejs\node_modules\npm\node_modules\npm-registry-client\lib\request.js:302:12)
38 silly fetchPackageMetaData     at CachingRegistryClient.<anonymous> (X:\Program Files\nodejs\node_modules\npm\node_modules\npm-registry-client\lib\request.js:280:14)
38 silly fetchPackageMetaData     at Request._callback (X:\Program Files\nodejs\node_modules\npm\node_modules\npm-registry-client\lib\request.js:210:14)
38 silly fetchPackageMetaData     at Request.self.callback (X:\Program Files\nodejs\node_modules\npm\node_modules\request\request.js:187:22)
38 silly fetchPackageMetaData     at emitTwo (events.js:106:13)
38 silly fetchPackageMetaData     at Request.emit (events.js:191:7)
38 silly fetchPackageMetaData     at Request.<anonymous> (X:\Program Files\nodejs\node_modules\npm\node_modules\request\request.js:1048:10)
38 silly fetchPackageMetaData     at emitOne (events.js:96:13)
38 silly fetchPackageMetaData     at Request.emit (events.js:188:7)
38 silly fetchPackageMetaData     at IncomingMessage.<anonymous> (X:\Program Files\nodejs\node_modules\npm\node_modules\request\request.js:969:12)
38 silly fetchPackageMetaData  error for 0.14.0 { Error: Registry returned 404 for GET on https://registry.npmjs.org/0.14.0
38 silly fetchPackageMetaData     at makeError (X:\Program Files\nodejs\node_modules\npm\node_modules\npm-registry-client\lib\request.js:302:12)
38 silly fetchPackageMetaData     at CachingRegistryClient.<anonymous> (X:\Program Files\nodejs\node_modules\npm\node_modules\npm-registry-client\lib\request.js:280:14)
38 silly fetchPackageMetaData     at Request._callback (X:\Program Files\nodejs\node_modules\npm\node_modules\npm-registry-client\lib\request.js:210:14)
38 silly fetchPackageMetaData     at Request.self.callback (X:\Program Files\nodejs\node_modules\npm\node_modules\request\request.js:187:22)
38 silly fetchPackageMetaData     at emitTwo (events.js:106:13)
38 silly fetchPackageMetaData     at Request.emit (events.js:191:7)
38 silly fetchPackageMetaData     at Request.<anonymous> (X:\Program Files\nodejs\node_modules\npm\node_modules\request\request.js:1048:10)
38 silly fetchPackageMetaData     at emitOne (events.js:96:13)
38 silly fetchPackageMetaData     at Request.emit (events.js:188:7)
38 silly fetchPackageMetaData     at IncomingMessage.<anonymous> (X:\Program Files\nodejs\node_modules\npm\node_modules\request\request.js:969:12) pkgid: '0.14.0', statusCode: 404, code: 'E404' }
39 silly rollbackFailedOptional Starting
40 silly rollbackFailedOptional Finishing
41 silly runTopLevelLifecycles Finishing
42 silly install printInstalled
43 verbose stack Error: Registry returned 404 for GET on https://registry.npmjs.org/0.14.0
43 verbose stack     at makeError (X:\Program Files\nodejs\node_modules\npm\node_modules\npm-registry-client\lib\request.js:302:12)
43 verbose stack     at CachingRegistryClient.<anonymous> (X:\Program Files\nodejs\node_modules\npm\node_modules\npm-registry-client\lib\request.js:280:14)
43 verbose stack     at Request._callback (X:\Program Files\nodejs\node_modules\npm\node_modules\npm-registry-client\lib\request.js:210:14)
43 verbose stack     at Request.self.callback (X:\Program Files\nodejs\node_modules\npm\node_modules\request\request.js:187:22)
43 verbose stack     at emitTwo (events.js:106:13)
43 verbose stack     at Request.emit (events.js:191:7)
43 verbose stack     at Request.<anonymous> (X:\Program Files\nodejs\node_modules\npm\node_modules\request\request.js:1048:10)
43 verbose stack     at emitOne (events.js:96:13)
43 verbose stack     at Request.emit (events.js:188:7)
43 verbose stack     at IncomingMessage.<anonymous> (X:\Program Files\nodejs\node_modules\npm\node_modules\request\request.js:969:12)
44 verbose statusCode 404
45 verbose pkgid 0.14.0
46 verbose cwd X:\Diseño\Web\Proyectos\Alianza\awdAlianzaProRoy\Ejercicios\Angular\entregable
47 error Windows_NT 10.0.15063
48 error argv "X:\\Program Files\\nodejs\\node.exe" "X:\\Program Files\\nodejs\\node_modules\\npm\\bin\\npm-cli.js" "install" "gulp" "--ver=0.14.0"
49 error node v6.11.4
50 error npm  v3.10.10
51 error code E404
52 error 404 Registry returned 404 for GET on https://registry.npmjs.org/0.14.0
53 error 404
54 error 404 '0.14.0' is not in the npm registry.
55 error 404 You should bug the author to publish it (or use the name yourself!)
56 error 404 Note that you can also install from a
57 error 404 tarball, folder, http url, or git url.
58 verbose exit [ 1, true ]
